201612120944 p001
201612120944 p003
201612120944 p003
201612120945 p008
201612121052 p008
201612121052 p006
201612121052 p010
201612121115 p002
201612121116 p009
201612120944 p001
201612120944 p003
201612120944 p003
201612120945 p008
201612121052 p008
201612121052 p006
201612121052 p010
201612121115 p002
201612121116 p009
201612130925 p002
201612130925 p004
201612130925 p002
201612131024 p010
201612131024 p004
201612141110 p003
201612141110 p001
201612141110 p002
201612141110 p007
201612141111 p002
201612141139 p003
201612141139 p010
201612141139 p009
201612120944 p001
201612120944 p003
201612120944 p003
201612120945 p008
201612121052 p008
201612121052 p006
201612121052 p010
201612121115 p002
201612121116 p009
201612120944 p001
201612120944 p003
201612120944 p003
201612120945 p008
201612121052 p008
201612121052 p006
201612121052 p010
201612121115 p002
201612121116 p009
201612130925 p002
201612130925 p004
201612130925 p002
201612131024 p010
201612131024 p004
201612141110 p003
201612141110 p001
201612141110 p002
201612141110 p007
201612141111 p002
201612141139 p003
201612141139 p010
201612141139 p009
201612120944 p001
201612120944 p003
201612120944 p003
201612120945 p008
201612121052 p008
201612121052 p006
201612121052 p010
201612121115 p002
201612121116 p009
201612120944 p001
201612120944 p003
201612120944 p003
201612120945 p008
201612121052 p008
201612121052 p006
201612121052 p010
201612121115 p002
201612121116 p009
201612130925 p002
201612130925 p004
201612130925 p002
201612131024 p010
201612131024 p004
201612141110 p003
201612141110 p001
201612141110 p002
201612141110 p007
201612141111 p002
201612141139 p003
201612141139 p010
201612141139 p009
201612120944 p001
201612120944 p003
201612120944 p003
201612120945 p008
201612121052 p008
201612121052 p006
201612121052 p010
201612121115 p002
201612121116 p009
201612120944 p001
201612120944 p003
201612120944 p003
201612120945 p008
201612121052 p008
201612121052 p006
201612121052 p010
201612121115 p002
201612121116 p009
201612130925 p002
201612130925 p004
201612130925 p002
201612131024 p010
201612131024 p004
201612141110 p003
201612141110 p001
201612141110 p002
201612141110 p007
201612141111 p002
201612141139 p003
201612141139 p010
201612141139 p009
201612120944 p001
201612120944 p003
201612120944 p003
201612120945 p008
201612121052 p008
201612121052 p006
201612121052 p010
201612121115 p002
201612121116 p009
201612120944 p001
201612120944 p003
201612120944 p003
201612120945 p008
201612121052 p008
201612121052 p006
201612121052 p010
201612121115 p002
201612121116 p009
201612130925 p002
201612130925 p004
201612130925 p002
201612131024 p010
201612131024 p004
201612141110 p003
201612141110 p001
201612141110 p002
201612141110 p007
201612141111 p002
201612141139 p003
201612141139 p010
201612141139 p009
201612120944 p001
201612120944 p003
201612120944 p003
201612120945 p008
201612121052 p008
201612121052 p006
201612121052 p010
201612121115 p002
201612121116 p009
201612120944 p001
201612120944 p003
201612120944 p003
201612120945 p008
201612121052 p008
201612121052 p006
201612121052 p010
201612121115 p002
201612121116 p009
201612130925 p002
201612130925 p004
201612130925 p002
201612131024 p010
201612131024 p004
201612141110 p003
201612141110 p001
201612141110 p002
201612141110 p007
201612141111 p002
201612141139 p003
201612141139 p010
201612141139 p009
201612120944 p001
201612120944 p003
201612120944 p003
201612120945 p008
201612121052 p008
201612121052 p006
201612121052 p010
201612121115 p002
201612121116 p009
201612120944 p001
201612120944 p003
201612120944 p003
201612120945 p008
201612121052 p008
201612121052 p006
201612121052 p010
201612121115 p002
201612121116 p009
201612130925 p002
201612130925 p004
201612130925 p002
201612131024 p010
201612131024 p004
201612141110 p003
201612141110 p001
201612141110 p002
201612141110 p007
201612141111 p002
201612141139 p003
201612141139 p010
201612141139 p009
201612120944 p001
201612120944 p003
201612120944 p003
201612120945 p008
201612121052 p008
201612121052 p006
201612121052 p010
201612121115 p002
201612121116 p009
201612120944 p001
201612120944 p003
201612120944 p003
201612120945 p008
201612121052 p008
201612121052 p006
201612121052 p010
201612121115 p002
201612121116 p009
201612130925 p002
201612130925 p004
201612130925 p002
201612131024 p010
201612131024 p004
201612141110 p003
201612141110 p001
201612141110 p002
201612141110 p007
201612141111 p002
201612141139 p003
201612141139 p010
201612141139 p009
201612120944 p001
201612120944 p003
201612120944 p003
201612120945 p008
201612121052 p008
201612121052 p006
201612121052 p010
201612121115 p002
201612121116 p009
201612120944 p001
201612120944 p003
201612120944 p003
201612120945 p008
201612121052 p008
201612121052 p006
201612121052 p010
201612121115 p002
201612121116 p009
201612130925 p002
201612130925 p004
201612130925 p002
201612131024 p010
201612131024 p004
201612141110 p003
201612141110 p001
201612141110 p002
201612141110 p007
201612141111 p002
201612141139 p003
201612141139 p010
201612141139 p009
201612120944 p001
201612120944 p003
201612120944 p003
201612120945 p008
201612121052 p008
201612121052 p006
201612121052 p010
201612121115 p002
201612121116 p009
201612120944 p001
201612120944 p003
201612120944 p003
201612120945 p008
201612121052 p008
201612121052 p006
201612121052 p010
201612121115 p002
201612121116 p009
201612130925 p002
201612130925 p004
201612130925 p002
201612131024 p010
201612131024 p004
201612141110 p003
201612141110 p001
201612141110 p002
201612141110 p007
201612141111 p002
201612141139 p003
201612141139 p010
201612141139 p009
